[debug] [2019-09-24T04:50:59.454Z] ----------------------------------------------------------------------
[debug] [2019-09-24T04:50:59.456Z] Command:       /usr/local/bin/node /usr/local/bin/firebase serve
[debug] [2019-09-24T04:50:59.456Z] CLI Version:   7.3.2
[debug] [2019-09-24T04:50:59.456Z] Platform:      darwin
[debug] [2019-09-24T04:50:59.456Z] Node Version:  v10.16.3
[debug] [2019-09-24T04:50:59.457Z] Time:          Mon Sep 23 2019 23:50:59 GMT-0500 (Central Daylight Time)
[debug] [2019-09-24T04:50:59.457Z] ----------------------------------------------------------------------
[debug] 
[debug] [2019-09-24T04:50:59.465Z] > command requires scopes: ["email","openid","https://www.googleapis.com/auth/cloudplatformprojects.readonly","https://www.googleapis.com/auth/firebase","https://www.googleapis.com/auth/cloud-platform"]
[debug] [2019-09-24T04:50:59.466Z] > authorizing via signed-in user
[debug] [2019-09-24T04:50:59.466Z] [iam] checking project hawicreate for permissions ["firebase.projects.get"]
[debug] [2019-09-24T04:50:59.468Z] >>> HTTP REQUEST POST https://cloudresourcemanager.googleapis.com/v1/projects/hawicreate:testIamPermissions  

[debug] [2019-09-24T04:50:59.798Z] <<< HTTP RESPONSE 200
[debug] [2019-09-24T04:50:59.800Z] >>> HTTP REQUEST GET https://firebase.googleapis.com/v1beta1/projects/hawicreate  
 
[debug] [2019-09-24T04:51:00.111Z] <<< HTTP RESPONSE 200
[info] 
[info] === Serving from '/Users/ac/Documents/developer/hawicreate'...
[info] 
[debug] [2019-09-24T04:51:00.116Z] >>> HTTP REQUEST GET https://firebase.googleapis.com/v1beta1/projects/hawicreate/webApps/-/config  
 
[warn] ⚠  Your requested "node" version "8" doesn't match your global version "10"
[info] ✔  functions: Emulator started at http://localhost:5001
[debug] [2019-09-24T04:51:00.512Z] <<< HTTP RESPONSE 200
[info] i  functions: Watching "/Users/ac/Documents/developer/hawicreate/functions" for Cloud Functions...
[info] i  hosting: Serving hosting files from: dist/hawicreate
[info] ✔  hosting: Local server: http://localhost:5000
[debug] [2019-09-24T04:51:00.810Z] [runtime-status] Functions runtime initialized. {"cwd":"/Users/ac/Documents/developer/hawicreate/functions","node_version":"10.16.3"}
[debug] [2019-09-24T04:51:00.811Z] [runtime-status] Disabled runtime features: {"functions_config_helper":true,"network_filtering":true,"timeout":true,"memory_limiting":true,"admin_stubs":true} {}
[debug] [2019-09-24T04:51:00.813Z] [runtime-status] Resolved module firebase-admin {"declared":true,"installed":true,"version":"8.6.0","resolution":"/Users/ac/Documents/developer/hawicreate/functions/node_modules/firebase-admin/lib/index.js"}
[debug] [2019-09-24T04:51:00.815Z] [runtime-status] Resolved module firebase-functions {"declared":true,"installed":true,"version":"3.2.0","resolution":"/Users/ac/Documents/developer/hawicreate/functions/node_modules/firebase-functions/lib/index.js"}
[debug] [2019-09-24T04:51:00.816Z] [runtime-status] Resolved module firebase-functions {"declared":true,"installed":true,"version":"3.2.0","resolution":"/Users/ac/Documents/developer/hawicreate/functions/node_modules/firebase-functions/lib/index.js"}
